CRITICAL - 2024-12-02 15:45:12 --> Array to string conversion
in APPPATH\Views\client\knowledgebase\index.php on line 45.
 1 APPPATH\Views\client\knowledgebase\index.php(45): CodeIgniter\Debug\Exceptions->errorHandler(2, 'Array to string conversion', 'C:\\xampp\\htdocs\\Erp\\app\\Views\\client\\knowledgebase\\index.php', 45)
 2 SYSTEMPATH\View\View.php(228): include('C:\\xampp\\htdocs\\Erp\\app\\Views\\client\\knowledgebase\\index.php')
 3 SYSTEMPATH\View\View.php(231): CodeIgniter\View\View->CodeIgniter\View\{closure}()
 4 SYSTEMPATH\Common.php(1190): CodeIgniter\View\View->render('client/knowledgebase/index', [], true)
 5 APPPATH\Views\client\index.php(361): view('client/knowledgebase/index')
 6 SYSTEMPATH\View\View.php(228): include('C:\\xampp\\htdocs\\Erp\\app\\Views\\client\\index.php')
 7 SYSTEMPATH\View\View.php(231): CodeIgniter\View\View->CodeIgniter\View\{closure}()
 8 SYSTEMPATH\Common.php(1190): CodeIgniter\View\View->render('client/index', [], true)
 9 APPPATH\Controllers\Client\KnowledgeBaseController.php(39): view('client/index', [...])
10 SYSTEMPATH\CodeIgniter.php(942): App\Controllers\Client\KnowledgeBaseController->search()
11 SYSTEMPATH\CodeIgniter.php(502): CodeIgniter\CodeIgniter->runController(Object(App\Controllers\Client\KnowledgeBaseController))
12 SYSTEMPATH\CodeIgniter.php(361): CodeIgniter\CodeIgniter->handleRequest(null, Object(Config\Cache), false)
13 FCPATH\index.php(79): CodeIgniter\CodeIgniter->run()
CRITICAL - 2024-12-02 18:44:22 --> Undefined array key "article_id"
in APPPATH\Controllers\Client\KnowledgeBaseController.php on line 43.
 1 APPPATH\Controllers\Client\KnowledgeBaseController.php(43): CodeIgniter\Debug\Exceptions->errorHandler(2, 'Undefined array key "article_id"', 'C:\\xampp\\htdocs\\Erp\\app\\Controllers\\Client\\KnowledgeBaseController.php', 43)
 2 SYSTEMPATH\CodeIgniter.php(942): App\Controllers\Client\KnowledgeBaseController->feedback()
 3 SYSTEMPATH\CodeIgniter.php(502): CodeIgniter\CodeIgniter->runController(Object(App\Controllers\Client\KnowledgeBaseController))
 4 SYSTEMPATH\CodeIgniter.php(361): CodeIgniter\CodeIgniter->handleRequest(null, Object(Config\Cache), false)
 5 FCPATH\index.php(79): CodeIgniter\CodeIgniter->run()
CRITICAL - 2024-12-02 18:47:28 --> Undefined array key "article_id"
in APPPATH\Controllers\Client\KnowledgeBaseController.php on line 43.
 1 APPPATH\Controllers\Client\KnowledgeBaseController.php(43): CodeIgniter\Debug\Exceptions->errorHandler(2, 'Undefined array key "article_id"', 'C:\\xampp\\htdocs\\Erp\\app\\Controllers\\Client\\KnowledgeBaseController.php', 43)
 2 SYSTEMPATH\CodeIgniter.php(942): App\Controllers\Client\KnowledgeBaseController->feedback()
 3 SYSTEMPATH\CodeIgniter.php(502): CodeIgniter\CodeIgniter->runController(Object(App\Controllers\Client\KnowledgeBaseController))
 4 SYSTEMPATH\CodeIgniter.php(361): CodeIgniter\CodeIgniter->handleRequest(null, Object(Config\Cache), false)
 5 FCPATH\index.php(79): CodeIgniter\CodeIgniter->run()
CRITICAL - 2024-12-02 19:09:50 --> Trying to access array offset on value of type null
in APPPATH\Views\client\profile\profile.php on line 10.
 1 APPPATH\Views\client\profile\profile.php(10): CodeIgniter\Debug\Exceptions->errorHandler(2, 'Trying to access array offset on value of type null', 'C:\\xampp\\htdocs\\Erp\\app\\Views\\client\\profile\\profile.php', 10)
 2 SYSTEMPATH\View\View.php(228): include('C:\\xampp\\htdocs\\Erp\\app\\Views\\client\\profile\\profile.php')
 3 SYSTEMPATH\View\View.php(231): CodeIgniter\View\View->CodeIgniter\View\{closure}()
 4 SYSTEMPATH\Common.php(1190): CodeIgniter\View\View->render('client/profile/profile', [], true)
 5 APPPATH\Views\client\index.php(361): view('client/profile/profile')
 6 SYSTEMPATH\View\View.php(228): include('C:\\xampp\\htdocs\\Erp\\app\\Views\\client\\index.php')
 7 SYSTEMPATH\View\View.php(231): CodeIgniter\View\View->CodeIgniter\View\{closure}()
 8 SYSTEMPATH\Common.php(1190): CodeIgniter\View\View->render('client/index', [], true)
 9 APPPATH\Controllers\Client\DashboardController.php(29): view('client/index', [...])
10 SYSTEMPATH\CodeIgniter.php(942): App\Controllers\Client\DashboardController->profile('images', 'favicon.svg')
11 SYSTEMPATH\CodeIgniter.php(502): CodeIgniter\CodeIgniter->runController(Object(App\Controllers\Client\DashboardController))
12 SYSTEMPATH\CodeIgniter.php(361): CodeIgniter\CodeIgniter->handleRequest(null, Object(Config\Cache), false)
13 FCPATH\index.php(79): CodeIgniter\CodeIgniter->run()
CRITICAL - 2024-12-02 19:10:07 --> Trying to access array offset on value of type null
in APPPATH\Views\client\profile\profile.php on line 10.
 1 APPPATH\Views\client\profile\profile.php(10): CodeIgniter\Debug\Exceptions->errorHandler(2, 'Trying to access array offset on value of type null', 'C:\\xampp\\htdocs\\Erp\\app\\Views\\client\\profile\\profile.php', 10)
 2 SYSTEMPATH\View\View.php(228): include('C:\\xampp\\htdocs\\Erp\\app\\Views\\client\\profile\\profile.php')
 3 SYSTEMPATH\View\View.php(231): CodeIgniter\View\View->CodeIgniter\View\{closure}()
 4 SYSTEMPATH\Common.php(1190): CodeIgniter\View\View->render('client/profile/profile', [], true)
 5 APPPATH\Views\client\index.php(361): view('client/profile/profile')
 6 SYSTEMPATH\View\View.php(228): include('C:\\xampp\\htdocs\\Erp\\app\\Views\\client\\index.php')
 7 SYSTEMPATH\View\View.php(231): CodeIgniter\View\View->CodeIgniter\View\{closure}()
 8 SYSTEMPATH\Common.php(1190): CodeIgniter\View\View->render('client/index', [], true)
 9 APPPATH\Controllers\Client\DashboardController.php(29): view('client/index', [...])
10 SYSTEMPATH\CodeIgniter.php(942): App\Controllers\Client\DashboardController->profile('images', 'favicon.svg')
11 SYSTEMPATH\CodeIgniter.php(502): CodeIgniter\CodeIgniter->runController(Object(App\Controllers\Client\DashboardController))
12 SYSTEMPATH\CodeIgniter.php(361): CodeIgniter\CodeIgniter->handleRequest(null, Object(Config\Cache), false)
13 FCPATH\index.php(79): CodeIgniter\CodeIgniter->run()
CRITICAL - 2024-12-02 19:10:50 --> Trying to access array offset on value of type null
in APPPATH\Views\client\profile\profile.php on line 10.
 1 APPPATH\Views\client\profile\profile.php(10): CodeIgniter\Debug\Exceptions->errorHandler(2, 'Trying to access array offset on value of type null', 'C:\\xampp\\htdocs\\Erp\\app\\Views\\client\\profile\\profile.php', 10)
 2 SYSTEMPATH\View\View.php(228): include('C:\\xampp\\htdocs\\Erp\\app\\Views\\client\\profile\\profile.php')
 3 SYSTEMPATH\View\View.php(231): CodeIgniter\View\View->CodeIgniter\View\{closure}()
 4 SYSTEMPATH\Common.php(1190): CodeIgniter\View\View->render('client/profile/profile', [], true)
 5 APPPATH\Views\client\index.php(361): view('client/profile/profile')
 6 SYSTEMPATH\View\View.php(228): include('C:\\xampp\\htdocs\\Erp\\app\\Views\\client\\index.php')
 7 SYSTEMPATH\View\View.php(231): CodeIgniter\View\View->CodeIgniter\View\{closure}()
 8 SYSTEMPATH\Common.php(1190): CodeIgniter\View\View->render('client/index', [], true)
 9 APPPATH\Controllers\Client\DashboardController.php(29): view('client/index', [...])
10 SYSTEMPATH\CodeIgniter.php(942): App\Controllers\Client\DashboardController->profile('images', 'favicon.svg')
11 SYSTEMPATH\CodeIgniter.php(502): CodeIgniter\CodeIgniter->runController(Object(App\Controllers\Client\DashboardController))
12 SYSTEMPATH\CodeIgniter.php(361): CodeIgniter\CodeIgniter->handleRequest(null, Object(Config\Cache), false)
13 FCPATH\index.php(79): CodeIgniter\CodeIgniter->run()
